0 info it worked if it ends with ok
1 verbose cli [ 'C:\\Program Files\\nodejs\\\\node.exe',
1 verbose cli   'C:\\Program Files\\nodejs\\node_modules\\npm\\bin\\npm-cli.js',
1 verbose cli   'install' ]
2 info using npm@1.4.3
3 info using node@v0.10.26
4 verbose node symlink C:\Program Files\nodejs\\node.exe
5 warn package.json test_project@0.0.1 No repository field.
6 warn package.json test_project@0.0.1 No README data
7 verbose readDependencies using package.json deps
8 verbose install where, deps [ 'D:\\Data\\Dropbox\\Tech\\Grunt\\v1',
8 verbose install   [ 'grunt',
8 verbose install     'grunt-contrib-compass',
8 verbose install     'grunt-contrib-concat',
8 verbose install     'grunt-contrib-jshint',
8 verbose install     'grunt-contrib-nodeunit',
8 verbose install     'grunt-contrib-qunit',
8 verbose install     'grunt-contrib-sass',
8 verbose install     'grunt-contrib-uglify',
8 verbose install     'grunt-contrib-watch',
8 verbose install     'grunt-yui-compressor',
8 verbose install     'grunt-spritesmith',
8 verbose install     'grunt-htmlhint',
8 verbose install     'grunt-contrib-clean',
8 verbose install     'grunt-clean',
8 verbose install     'grunt-contrib-imagemin' ] ]
9 info preinstall test_project@0.0.1
10 verbose readDependencies using package.json deps
11 verbose already installed skipping grunt@~0.4.4 D:\Data\Dropbox\Tech\Grunt\v1
12 verbose cache add [ 'grunt-contrib-compass@~0.12.4', null ]
13 verbose cache add name=undefined spec="grunt-contrib-compass@~0.12.4" args=["grunt-contrib-compass@~0.12.4",null]
14 verbose parsed url { protocol: null,
14 verbose parsed url   slashes: null,
14 verbose parsed url   auth: null,
14 verbose parsed url   host: null,
14 verbose parsed url   port: null,
14 verbose parsed url   hostname: null,
14 verbose parsed url   hash: null,
14 verbose parsed url   search: null,
14 verbose parsed url   query: null,
14 verbose parsed url   pathname: 'grunt-contrib-compass@~0.12.4',
14 verbose parsed url   path: 'grunt-contrib-compass@~0.12.4',
14 verbose parsed url   href: 'grunt-contrib-compass@~0.12.4' }
15 verbose cache add name="grunt-contrib-compass" spec="~0.12.4" args=["grunt-contrib-compass","~0.12.4"]
16 verbose parsed url { protocol: null,
16 verbose parsed url   slashes: null,
16 verbose parsed url   auth: null,
16 verbose parsed url   host: null,
16 verbose parsed url   port: null,
16 verbose parsed url   hostname: null,
16 verbose parsed url   hash: null,
16 verbose parsed url   search: null,
16 verbose parsed url   query: null,
16 verbose parsed url   pathname: '~0.12.4',
16 verbose parsed url   path: '~0.12.4',
16 verbose parsed url   href: '~0.12.4' }
17 verbose addNamed [ 'grunt-contrib-compass', '~0.12.4' ]
18 verbose addNamed [ null, '>=0.12.4-0 <0.13.0-0' ]
19 verbose already installed skipping grunt-contrib-concat@^0.4.0 D:\Data\Dropbox\Tech\Grunt\v1
20 verbose already installed skipping grunt-contrib-jshint@^0.10.0 D:\Data\Dropbox\Tech\Grunt\v1
21 verbose already installed skipping grunt-contrib-nodeunit@~0.2.2 D:\Data\Dropbox\Tech\Grunt\v1
22 verbose already installed skipping grunt-contrib-qunit@~0.4.0 D:\Data\Dropbox\Tech\Grunt\v1
23 verbose cache add [ 'grunt-contrib-sass@~3.3.4', null ]
24 verbose cache add name=undefined spec="grunt-contrib-sass@~3.3.4" args=["grunt-contrib-sass@~3.3.4",null]
25 verbose parsed url { protocol: null,
25 verbose parsed url   slashes: null,
25 verbose parsed url   auth: null,
25 verbose parsed url   host: null,
25 verbose parsed url   port: null,
25 verbose parsed url   hostname: null,
25 verbose parsed url   hash: null,
25 verbose parsed url   search: null,
25 verbose parsed url   query: null,
25 verbose parsed url   pathname: 'grunt-contrib-sass@~3.3.4',
25 verbose parsed url   path: 'grunt-contrib-sass@~3.3.4',
25 verbose parsed url   href: 'grunt-contrib-sass@~3.3.4' }
26 verbose cache add name="grunt-contrib-sass" spec="~3.3.4" args=["grunt-contrib-sass","~3.3.4"]
27 verbose parsed url { protocol: null,
27 verbose parsed url   slashes: null,
27 verbose parsed url   auth: null,
27 verbose parsed url   host: null,
27 verbose parsed url   port: null,
27 verbose parsed url   hostname: null,
27 verbose parsed url   hash: null,
27 verbose parsed url   search: null,
27 verbose parsed url   query: null,
27 verbose parsed url   pathname: '~3.3.4',
27 verbose parsed url   path: '~3.3.4',
27 verbose parsed url   href: '~3.3.4' }
28 verbose addNamed [ 'grunt-contrib-sass', '~3.3.4' ]
29 verbose addNamed [ null, '>=3.3.4-0 <3.4.0-0' ]
30 verbose already installed skipping grunt-contrib-uglify@~0.2.7 D:\Data\Dropbox\Tech\Grunt\v1
31 verbose already installed skipping grunt-contrib-watch@~0.6.1 D:\Data\Dropbox\Tech\Grunt\v1
32 verbose already installed skipping grunt-yui-compressor@~0.3.3 D:\Data\Dropbox\Tech\Grunt\v1
33 verbose already installed skipping grunt-spritesmith@^1.24.0 D:\Data\Dropbox\Tech\Grunt\v1
34 verbose already installed skipping grunt-htmlhint@^0.4.0 D:\Data\Dropbox\Tech\Grunt\v1
35 verbose already installed skipping grunt-contrib-clean@^0.5.0 D:\Data\Dropbox\Tech\Grunt\v1
36 verbose already installed skipping grunt-clean@^0.4.0 D:\Data\Dropbox\Tech\Grunt\v1
37 verbose already installed skipping grunt-contrib-imagemin@^0.6.1 D:\Data\Dropbox\Tech\Grunt\v1
38 silly lockFile fd475047-grunt-contrib-compass-0-12-4 grunt-contrib-compass@~0.12.4
39 verbose lock grunt-contrib-compass@~0.12.4 C:\Users\tarunjeet.saini\AppData\Roaming\npm-cache\fd475047-grunt-contrib-compass-0-12-4.lock
40 silly lockFile 66c49ba7-grunt-contrib-sass-3-3-4 grunt-contrib-sass@~3.3.4
41 verbose lock grunt-contrib-sass@~3.3.4 C:\Users\tarunjeet.saini\AppData\Roaming\npm-cache\66c49ba7-grunt-contrib-sass-3-3-4.lock
42 silly addNameRange { name: 'grunt-contrib-compass',
42 silly addNameRange   range: '>=0.12.4-0 <0.13.0-0',
42 silly addNameRange   hasData: false }
43 silly addNameRange { name: 'grunt-contrib-sass',
43 silly addNameRange   range: '>=3.3.4-0 <3.4.0-0',
43 silly addNameRange   hasData: false }
44 verbose url raw grunt-contrib-compass
45 verbose url resolving [ 'https://registry.npmjs.org/', './grunt-contrib-compass' ]
46 verbose url resolved https://registry.npmjs.org/grunt-contrib-compass
47 info trying registry request attempt 1 at 06:21:27
48 verbose etag "9ZLME86QNWN4EUF1WQH8DZH6M"
49 http GET https://registry.npmjs.org/grunt-contrib-compass
50 verbose url raw grunt-contrib-sass
51 verbose url resolving [ 'https://registry.npmjs.org/', './grunt-contrib-sass' ]
52 verbose url resolved https://registry.npmjs.org/grunt-contrib-sass
53 info trying registry request attempt 1 at 06:21:27
54 verbose etag "CX420CK7V21PJE5TZE60K88SS"
55 http GET https://registry.npmjs.org/grunt-contrib-sass
56 http 304 https://registry.npmjs.org/grunt-contrib-compass
57 silly registry.get cb [ 304,
57 silly registry.get   { date: 'Sun, 06 Apr 2014 00:51:24 GMT',
57 silly registry.get     server: 'Apache',
57 silly registry.get     via: '1.1 varnish',
57 silly registry.get     'last-modified': 'Sun, 06 Apr 2014 00:51:24 GMT',
57 silly registry.get     'cache-control': 'max-age=1',
57 silly registry.get     etag: '"9ZLME86QNWN4EUF1WQH8DZH6M"',
57 silly registry.get     'x-served-by': 'cache-sv61-SJC3',
57 silly registry.get     'x-cache': 'MISS',
57 silly registry.get     'x-cache-hits': '0',
57 silly registry.get     'x-timer': 'S1396745484.896879911,VS0,VE96',
57 silly registry.get     vary: 'Accept',
57 silly registry.get     'content-length': '0',
57 silly registry.get     'keep-alive': 'timeout=10, max=50',
57 silly registry.get     connection: 'Keep-Alive' } ]
58 verbose etag grunt-contrib-compass from cache
59 silly addNameRange number 2 { name: 'grunt-contrib-compass',
59 silly addNameRange   range: '>=0.12.4-0 <0.13.0-0',
59 silly addNameRange   hasData: true }
60 silly addNameRange versions [ 'grunt-contrib-compass',
60 silly addNameRange   [ '0.1.0',
60 silly addNameRange     '0.1.1',
60 silly addNameRange     '0.1.2',
60 silly addNameRange     '0.1.3',
60 silly addNameRange     '0.2.0',
60 silly addNameRange     '0.3.0',
60 silly addNameRange     '0.4.0',
60 silly addNameRange     '0.4.1',
60 silly addNameRange     '0.5.0',
60 silly addNameRange     '0.6.0',
60 silly addNameRange     '0.7.0',
60 silly addNameRange     '0.1.1-rc7',
60 silly addNameRange     '0.1.1-rc8',
60 silly addNameRange     '0.7.1',
60 silly addNameRange     '0.7.2' ] ]
61 silly lockFile fd475047-grunt-contrib-compass-0-12-4 grunt-contrib-compass@~0.12.4
62 silly lockFile fd475047-grunt-contrib-compass-0-12-4 grunt-contrib-compass@~0.12.4
63 error notarget No compatible version found: grunt-contrib-compass@'>=0.12.4-0 <0.13.0-0'
63 error notarget Valid install targets:
63 error notarget ["0.1.0","0.1.1","0.1.2","0.1.3","0.2.0","0.3.0","0.4.0","0.4.1","0.5.0","0.6.0","0.7.0","0.1.1-rc7","0.1.1-rc8","0.7.1","0.7.2"]
63 error notarget
63 error notarget This is most likely not a problem with npm itself.
63 error notarget In most cases you or one of your dependencies are requesting
63 error notarget a package version that doesn't exist.
64 error System Windows_NT 6.1.7601
65 error command "C:\\Program Files\\nodejs\\\\node.exe" "C:\\Program Files\\nodejs\\node_modules\\npm\\bin\\npm-cli.js" "install"
66 error cwd D:\Data\Dropbox\Tech\Grunt\v1
67 error node -v v0.10.26
68 error npm -v 1.4.3
69 error code ETARGET
70 verbose exit [ 1, true ]
